<?xml version="1.0" encoding="UTF-8"?>
<testng-results ignored="0" total="2" passed="2" failed="0" skipped="0">
  <reporter-output>
  </reporter-output>
  <suite started-at="2021-01-06T23:07:27 GMT-05:00" name="Test1" finished-at="2021-01-06T23:07:30 GMT-05:00" duration-ms="2626">
    <groups>
    </groups>
    <test started-at="2021-01-06T23:07:27 GMT-05:00" name="Creepy" finished-at="2021-01-06T23:07:30 GMT-05:00" duration-ms="2626">
      <class name="com.ink.omnivex.APIMethodsTest">
        <test-method signature="getUsers()[pri:0, instance:com.ink.omnivex.APIMethodsTest@5f77d0f9]" started-at="2021-01-06T23:07:27 GMT-05:00" name="getUsers" finished-at="2021-01-06T23:07:30 GMT-05:00" duration-ms="2572" status="PASS">
          <reporter-output>
          </reporter-output>
        </test-method> <!-- getUsers -->
        <test-method signature="postUsers()[pri:0, instance:com.ink.omnivex.APIMethodsTest@5f77d0f9]" started-at="2021-01-06T23:07:30 GMT-05:00" name="postUsers" finished-at="2021-01-06T23:07:30 GMT-05:00" duration-ms="0" status="PASS">
          <reporter-output>
          </reporter-output>
        </test-method> <!-- postUsers -->
      </class> <!-- com.ink.omnivex.APIMethodsTest -->
    </test> <!-- Creepy -->
  </suite> <!-- Test1 -->
</testng-results>
